<?xml version="1.0" encoding="UTF-8"?>
<!-- Generated by org.testng.reporters.JUnitReportReporter -->
<testsuite hostname="LAPTOP-FED280IR" failures="0" tests="1" name="computers.TC_DWS_010_Test" time="3.695" errors="0" timestamp="2025-06-29T11:45:03 IST" skipped="0">
  <testcase classname="computers.TC_DWS_010_Test" name="clickOnDesktops" time="3.695">
    <system-out>
      <![CDATA[test execution started
Desktops page is displayed]]>
    </system-out>
  </testcase> <!-- clickOnDesktops -->
  <system-out>
    <![CDATA[test execution started
Desktops page is displayed]]>
  </system-out>
</testsuite> <!-- computers.TC_DWS_010_Test -->
