<?xml version="1.0" encoding="UTF-8"?>
<!-- Generated by org.testng.reporters.JUnitReportReporter -->
<testsuite hostname="LAPTOP-FED280IR" failures="0" tests="1" name="electronics.TC_DWS_020_Test" time="4.233" errors="0" timestamp="2025-06-27T19:15:44 IST" skipped="0">
  <testcase classname="electronics.TC_DWS_020_Test" name="clickOnCellPhones" time="4.233">
    <system-out>
      <![CDATA[Cell phones page is displayed]]>
    </system-out>
  </testcase> <!-- clickOnCellPhones -->
  <system-out>
    <![CDATA[Cell phones page is displayed]]>
  </system-out>
</testsuite> <!-- electronics.TC_DWS_020_Test -->
